<?xml version="1.0" encoding="UTF-8"?>
<!-- Generated by org.testng.reporters.JUnitReportReporter -->
<testsuite ignored="0" hostname="DESKTOP-LHELV1T" failures="0" tests="2" name="TestCases.VerifyLogin" time="33.342" errors="0" timestamp="31 May 2021 22:36:00 GMT" skipped="0">
  <testcase classname="TestCases.VerifyLogin" name="testCase01" time="11.542"/>
  <testcase classname="TestCases.VerifyLogin" name="testCase02" time="21.800"/>
</testsuite> <!-- TestCases.VerifyLogin -->
