<?xml version="1.0" encoding="UTF-8"?>
<!-- Generated by org.testng.reporters.JUnitReportReporter -->
<testsuite ignored="4" hostname="DESKTOP-LHELV1T" failures="0" tests="4" name="TestCases.Usermenudropdown" time="99.800" errors="0" timestamp="10 Jun 2021 04:58:23 GMT" skipped="0">
  <testcase classname="TestCases.Usermenudropdown" name="testCase06" time="53.055"/>
  <testcase classname="TestCases.Usermenudropdown" name="testCase08_developerConsole" time="17.678"/>
  <testcase classname="TestCases.Usermenudropdown" name="testCase09_Logout" time="15.009"/>
  <testcase classname="TestCases.Usermenudropdown" name="testCase05" time="14.058"/>
  <testcase classname="Base.BaseTest" name="initReport">
    <skipped/>
  </testcase> <!-- initReport -->
  <testcase classname="Base.BaseTest" name="initReport">
    <skipped/>
  </testcase> <!-- initReport -->
  <testcase classname="Base.BaseTest" name="teardown">
    <skipped/>
  </testcase> <!-- teardown -->
  <testcase classname="Base.BaseTest" name="teardown">
    <skipped/>
  </testcase> <!-- teardown -->
</testsuite> <!-- TestCases.Usermenudropdown -->
