<?xml version="1.0" encoding="UTF-8"?>
<!-- Generated by org.testng.reporters.JUnitReportReporter -->
<testsuite ignored="0" hostname="DESKTOP-LHELV1T" failures="0" tests="1" name="TestCases.Usermenudropdown" time="19.019" errors="0" timestamp="01 Jun 2021 05:23:55 GMT" skipped="0">
  <testcase classname="TestCases.Usermenudropdown" name="testCase05" time="19.019"/>
</testsuite> <!-- TestCases.Usermenudropdown -->
