<?xml version="1.0" encoding="UTF-8"?>
<!-- Generated by org.testng.reporters.JUnitReportReporter -->
<testsuite ignored="4" hostname="DESKTOP-LHELV1T" failures="0" tests="4" name="TestCases.VerifyLogin" time="65.925" errors="0" timestamp="10 Jun 2021 04:58:23 GMT" skipped="0">
  <testcase classname="TestCases.VerifyLogin" name="testCase02" time="21.759"/>
  <testcase classname="TestCases.VerifyLogin" name="testCase03" time="19.309"/>
  <testcase classname="TestCases.VerifyLogin" name="testCase04" time="11.361"/>
  <testcase classname="TestCases.VerifyLogin" name="testCase01" time="13.496"/>
  <testcase classname="Base.BaseTest" name="initReport">
    <skipped/>
  </testcase> <!-- initReport -->
  <testcase classname="Base.BaseTest" name="initReport">
    <skipped/>
  </testcase> <!-- initReport -->
  <testcase classname="Base.BaseTest" name="teardown">
    <skipped/>
  </testcase> <!-- teardown -->
  <testcase classname="Base.BaseTest" name="teardown">
    <skipped/>
  </testcase> <!-- teardown -->
</testsuite> <!-- TestCases.VerifyLogin -->
